[START][2025-03-08 20:00:24] LSP logging initiated
[ERROR][2025-03-08 20:00:24] .../vim/lsp/rpc.lua:770	"rpc"	"rust-analyzer"	"stderr"	"\nthread 'Worker' panicked at crates/rust-analyzer/src/task_pool.rs:28:41:\ncalled `Result::unwrap()` on an `Err` value: \"SendError(..)\"\nstack backtrace:\nnote: Some details are omitted, run with `RUST_BACKTRACE=full` for a verbose backtrace.\n"
[START][2025-03-08 20:35:10] LSP logging initiated
[ERROR][2025-03-08 20:35:10] .../vim/lsp/rpc.lua:770	"rpc"	"/home/evandagur/.local/share/nvim/mason/bin/lua-language-server"	"stderr"	"NMD, WSM `endLine > #rows` ?\nstack traceback:\n\tscript/text-merger.lua:71: in upvalue 'mergeRows'\n\tscript/text-merger.lua:105: in function 'text-merger'\n\tscript/provider/provider.lua:314: in function <script/provider/provider.lua:301>\n\t[C]: in function 'xpcall'\n\tscript/proto/proto.lua:202: in function <script/proto/proto.lua:177>\n"
[START][2025-03-08 21:05:29] LSP logging initiated
[ERROR][2025-03-08 21:05:29] .../vim/lsp/rpc.lua:770	"rpc"	"/home/evandagur/.local/share/nvim/mason/bin/lua-language-server"	"stderr"	"NMD, WSM `endLine > #rows` ?\nstack traceback:\n\tscript/text-merger.lua:71: in upvalue 'mergeRows'\n\tscript/text-merger.lua:105: in function 'text-merger'\n\tscript/provider/provider.lua:314: in function <script/provider/provider.lua:301>\n\t[C]: in function 'xpcall'\n\tscript/proto/proto.lua:202: in function <script/proto/proto.lua:177>\n"
[START][2025-03-08 21:08:30] LSP logging initiated
[ERROR][2025-03-08 21:08:30] .../vim/lsp/rpc.lua:770	"rpc"	"/home/evandagur/.cargo/bin/rust-analyzer"	"stderr"	"error: Unknown binary 'rust-analyzer' in official toolchain 'stable-x86_64-unknown-linux-gnu'.\n"
[START][2025-03-09 11:37:28] LSP logging initiated
[ERROR][2025-03-09 11:37:28] .../vim/lsp/rpc.lua:770	"rpc"	"/home/evandagur/.local/share/nvim/mason/bin/rust-analyzer"	"stderr"	"\nthread 'Worker' panicked at crates/rust-analyzer/src/task_pool.rs:28:41:\ncalled `Result::unwrap()` on an `Err` value: \"SendError(..)\"\nstack backtrace:\nnote: Some details are omitted, run with `RUST_BACKTRACE=full` for a verbose backtrace.\n"
[START][2025-03-12 19:45:13] LSP logging initiated
[ERROR][2025-03-12 19:45:13] .../vim/lsp/rpc.lua:770	"rpc"	"/home/evandagur/.cargo/bin/rust-analyzer"	"stderr"	"error: Unknown binary 'rust-analyzer' in official toolchain 'stable-x86_64-unknown-linux-gnu'.\n"
[START][2025-03-12 20:28:54] LSP logging initiated
[ERROR][2025-03-12 20:28:54] ...lsp/handlers.lua:623	"Your workspace is set to `/home/evandagur`. Lua language server refused to load this directory. Please check your configuration.[learn more here](https://luals.github.io/wiki/faq#why-is-the-server-scanning-the-wrong-folder)"
[START][2025-03-15 14:12:20] LSP logging initiated
[ERROR][2025-03-15 14:12:20] .../vim/lsp/rpc.lua:770	"rpc"	"/home/evandagur/.local/share/nvim/mason/bin/rust-analyzer"	"stderr"	"\nthread 'Worker' panicked at crates/rust-analyzer/src/task_pool.rs:28:41:\ncalled `Result::unwrap()` on an `Err` value: \"SendError(..)\"\nstack backtrace:\nnote: Some details are omitted, run with `RUST_BACKTRACE=full` for a verbose backtrace.\n"
[START][2025-03-17 17:31:35] LSP logging initiated
[ERROR][2025-03-17 17:31:35] .../vim/lsp/rpc.lua:770	"rpc"	"/home/evandagur/.cargo/bin/rust-analyzer"	"stderr"	"error: Unknown binary 'rust-analyzer' in official toolchain 'stable-x86_64-unknown-linux-gnu'.\n"
[START][2025-03-22 10:10:50] LSP logging initiated
[ERROR][2025-03-22 10:10:50] .../vim/lsp/rpc.lua:770	"rpc"	"/home/evandagur/.cargo/bin/rust-analyzer"	"stderr"	"error: Unknown binary 'rust-analyzer' in official toolchain 'stable-x86_64-unknown-linux-gnu'.\n"
[START][2025-03-23 09:05:00] LSP logging initiated
[ERROR][2025-03-23 09:05:00] .../vim/lsp/rpc.lua:770	"rpc"	"/home/evandagur/.local/share/nvim/mason/bin/rust-analyzer"	"stderr"	"\nthread 'Worker' panicked at crates/rust-analyzer/src/reload.rs:286:30:\ncalled `Result::unwrap()` on an `Err` value: \"SendError(..)\"\nstack backtrace:\nnote: Some details are omitted, run with `RUST_BACKTRACE=full` for a verbose backtrace.\n"
[START][2025-03-23 15:14:35] LSP logging initiated
[ERROR][2025-03-23 15:14:35] .../vim/lsp/rpc.lua:770	"rpc"	"/home/evandagur/.local/share/nvim/mason/bin/rust-analyzer"	"stderr"	"\nthread 'Worker' panicked at crates/rust-analyzer/src/reload.rs:286:30:\ncalled `Result::unwrap()` on an `Err` value: \"SendError(..)\"\nstack backtrace:\nnote: Some details are omitted, run with `RUST_BACKTRACE=full` for a verbose backtrace.\n"
[START][2025-03-24 17:05:32] LSP logging initiated
[ERROR][2025-03-24 17:05:32] ...lsp/handlers.lua:623	"Your workspace is set to `/home/evandagur`. Lua language server refused to load this directory. Please check your configuration.[learn more here](https://luals.github.io/wiki/faq#why-is-the-server-scanning-the-wrong-folder)"
[START][2025-03-27 16:14:07] LSP logging initiated
[ERROR][2025-03-27 16:14:07] .../vim/lsp/rpc.lua:770	"rpc"	"/home/evandagur/.local/share/nvim/mason/bin/lua-language-server"	"stderr"	"NMD, WSM `endLine > #rows` ?\nstack traceback:\n\tscript/text-merger.lua:71: in upvalue 'mergeRows'\n\tscript/text-merger.lua:105: in function 'text-merger'\n\tscript/provider/provider.lua:314: in function <script/provider/provider.lua:301>\n\t[C]: in function 'xpcall'\n\tscript/proto/proto.lua:202: in function <script/proto/proto.lua:177>\n"
