[INFO  Sat 08 Mar 2025 03:54:45 PM PST] ...e/nvim/lazy/mason.nvim/lua/mason-core/installer/init.lua:184: Executing installer for Package(name=ast-grep) {}
[INFO  Sat 08 Mar 2025 03:54:50 PM PST] ...e/nvim/lazy/mason.nvim/lua/mason-core/installer/init.lua:245: Installation succeeded for Package(name=ast-grep)
[INFO  Sat 08 Mar 2025 03:54:54 PM PST] ...e/nvim/lazy/mason.nvim/lua/mason-core/installer/init.lua:184: Executing installer for Package(name=codelldb) {}
[INFO  Sat 08 Mar 2025 03:55:08 PM PST] ...e/nvim/lazy/mason.nvim/lua/mason-core/installer/init.lua:245: Installation succeeded for Package(name=codelldb)
[ERROR Sat 08 Mar 2025 03:55:43 PM PST] ...m/lazy/mason-lspconfig.nvim/lua/mason-lspconfig/init.lua:33: Failed to set up lspconfig integration. ...on-lspconfig.nvim/lua/mason-lspconfig/lspconfig_hook.lua:56: module 'lspconfig.util' not found:
	no field package.preload['lspconfig.util']
cache_loader: module lspconfig.util not found
cache_loader_lib: module lspconfig.util not found
	no file './lspconfig/util.lua'
	no file '/usr/share/luajit-2.1/lspconfig/util.lua'
	no file '/usr/local/share/lua/5.1/lspconfig/util.lua'
	no file '/usr/local/share/lua/5.1/lspconfig/util/init.lua'
	no file '/usr/share/lua/5.1/lspconfig/util.lua'
	no file '/usr/share/lua/5.1/lspconfig/util/init.lua'
	no file './lspconfig/util.so'
	no file '/usr/local/lib/lua/5.1/lspconfig/util.so'
	no file '/usr/lib/lua/5.1/lspconfig/util.so'
	no file '/usr/local/lib/lua/5.1/loadall.so'
	no file './lspconfig.so'
	no file '/usr/local/lib/lua/5.1/lspconfig.so'
	no file '/usr/lib/lua/5.1/lspconfig.so'
	no file '/usr/local/lib/lua/5.1/loadall.so'
[INFO  Sat 08 Mar 2025 03:55:43 PM PST] ...e/nvim/lazy/mason.nvim/lua/mason-core/installer/init.lua:184: Executing installer for Package(name=lua-language-server) {}
[INFO  Sat 08 Mar 2025 03:55:45 PM PST] ...e/nvim/lazy/mason.nvim/lua/mason-core/installer/init.lua:245: Installation succeeded for Package(name=lua-language-server)
[ERROR Sat 08 Mar 2025 03:56:52 PM PST] ...m/lazy/mason-lspconfig.nvim/lua/mason-lspconfig/init.lua:33: Failed to set up lspconfig integration. ...on-lspconfig.nvim/lua/mason-lspconfig/lspconfig_hook.lua:56: module 'lspconfig.util' not found:
	no field package.preload['lspconfig.util']
cache_loader: module lspconfig.util not found
cache_loader_lib: module lspconfig.util not found
	no file './lspconfig/util.lua'
	no file '/usr/share/luajit-2.1/lspconfig/util.lua'
	no file '/usr/local/share/lua/5.1/lspconfig/util.lua'
	no file '/usr/local/share/lua/5.1/lspconfig/util/init.lua'
	no file '/usr/share/lua/5.1/lspconfig/util.lua'
	no file '/usr/share/lua/5.1/lspconfig/util/init.lua'
	no file '/home/evandagur/.local/share/nvim/lazy-rocks/telescope.nvim/share/lua/5.1/lspconfig/util.lua'
	no file '/home/evandagur/.local/share/nvim/lazy-rocks/telescope.nvim/share/lua/5.1/lspconfig/util/init.lua'
	no file './lspconfig/util.so'
	no file '/usr/local/lib/lua/5.1/lspconfig/util.so'
	no file '/usr/lib/lua/5.1/lspconfig/util.so'
	no file '/usr/local/lib/lua/5.1/loadall.so'
	no file '/home/evandagur/.local/share/nvim/lazy-rocks/telescope.nvim/lib/lua/5.1/lspconfig/util.so'
	no file '/home/evandagur/.local/share/nvim/lazy-rocks/telescope.nvim/lib64/lua/5.1/lspconfig/util.so'
	no file './lspconfig.so'
	no file '/usr/local/lib/lua/5.1/lspconfig.so'
	no file '/usr/lib/lua/5.1/lspconfig.so'
	no file '/usr/local/lib/lua/5.1/loadall.so'
	no file '/home/evandagur/.local/share/nvim/lazy-rocks/telescope.nvim/lib/lua/5.1/lspconfig.so'
	no file '/home/evandagur/.local/share/nvim/lazy-rocks/telescope.nvim/lib64/lua/5.1/lspconfig.so'
[INFO  Sat 08 Mar 2025 03:56:52 PM PST] ...e/nvim/lazy/mason.nvim/lua/mason-core/installer/init.lua:184: Executing installer for Package(name=rust-analyzer) {}
[INFO  Sat 08 Mar 2025 03:56:56 PM PST] ...e/nvim/lazy/mason.nvim/lua/mason-core/installer/init.lua:245: Installation succeeded for Package(name=rust-analyzer)
[INFO  Sat 08 Mar 2025 04:05:20 PM PST] ...e/nvim/lazy/mason.nvim/lua/mason-core/installer/init.lua:184: Executing installer for Package(name=snyk) {}
[INFO  Sat 08 Mar 2025 04:05:47 PM PST] ...e/nvim/lazy/mason.nvim/lua/mason-core/installer/init.lua:245: Installation succeeded for Package(name=snyk)
[INFO  Sat 08 Mar 2025 04:07:55 PM PST] ...e/nvim/lazy/mason.nvim/lua/mason-core/installer/init.lua:184: Executing installer for Package(name=stylua) {}
[INFO  Sat 08 Mar 2025 04:07:56 PM PST] ...e/nvim/lazy/mason.nvim/lua/mason-core/installer/init.lua:245: Installation succeeded for Package(name=stylua)
[INFO  Sat 08 Mar 2025 04:22:14 PM PST] ...e/nvim/lazy/mason.nvim/lua/mason-core/installer/init.lua:184: Executing installer for Package(name=trivy) {}
[INFO  Sat 08 Mar 2025 04:22:26 PM PST] ...e/nvim/lazy/mason.nvim/lua/mason-core/installer/init.lua:245: Installation succeeded for Package(name=trivy)
[INFO  Sat 08 Mar 2025 04:25:11 PM PST] ...e/nvim/lazy/mason.nvim/lua/mason-core/installer/init.lua:184: Executing installer for Package(name=clang-format) {}
[ERROR Sat 08 Mar 2025 04:25:11 PM PST] ...e/nvim/lazy/mason.nvim/lua/mason-core/providers/init.lua:81: Provider "pypi" "get_supported_python_versions" failed: "Package does not specify supported Python versions."
[ERROR Sat 08 Mar 2025 04:25:12 PM PST] ...e/nvim/lazy/mason.nvim/lua/mason-core/providers/init.lua:81: Provider "pypi" "get_supported_python_versions" failed: "Package does not specify supported Python versions."
[ERROR Sat 08 Mar 2025 04:25:12 PM PST] ...e/nvim/lazy/mason.nvim/lua/mason-core/providers/init.lua:92: No provider implementation succeeded for pypi.get_supported_python_versions
[INFO  Sat 08 Mar 2025 04:25:17 PM PST] ...e/nvim/lazy/mason.nvim/lua/mason-core/installer/init.lua:245: Installation succeeded for Package(name=clang-format)
[INFO  Tue 11 Mar 2025 07:51:44 PM PDT] ...e/nvim/lazy/mason.nvim/lua/mason-core/installer/init.lua:184: Executing installer for Package(name=lua-language-server) {}
[INFO  Tue 11 Mar 2025 07:51:44 PM PDT] ...e/nvim/lazy/mason.nvim/lua/mason-core/installer/init.lua:184: Executing installer for Package(name=rust-analyzer) {}
[INFO  Tue 11 Mar 2025 07:51:47 PM PDT] ...e/nvim/lazy/mason.nvim/lua/mason-core/installer/init.lua:245: Installation succeeded for Package(name=lua-language-server)
[INFO  Tue 11 Mar 2025 07:51:50 PM PDT] ...e/nvim/lazy/mason.nvim/lua/mason-core/installer/init.lua:245: Installation succeeded for Package(name=rust-analyzer)
[INFO  Tue 11 Mar 2025 09:42:31 PM PDT] ...e/nvim/lazy/mason.nvim/lua/mason-core/installer/init.lua:184: Executing installer for Package(name=ast-grep) {}
[INFO  Tue 11 Mar 2025 09:42:33 PM PDT] ...e/nvim/lazy/mason.nvim/lua/mason-core/installer/init.lua:184: Executing installer for Package(name=codelldb) {}
[INFO  Tue 11 Mar 2025 09:42:37 PM PDT] ...e/nvim/lazy/mason.nvim/lua/mason-core/installer/init.lua:184: Executing installer for Package(name=snyk) {}
[INFO  Tue 11 Mar 2025 09:42:38 PM PDT] ...e/nvim/lazy/mason.nvim/lua/mason-core/installer/init.lua:184: Executing installer for Package(name=trivy) {}
[INFO  Tue 11 Mar 2025 09:42:55 PM PDT] ...e/nvim/lazy/mason.nvim/lua/mason-core/installer/init.lua:245: Installation succeeded for Package(name=ast-grep)
[ERROR Tue 11 Mar 2025 09:42:59 PM PDT] ...e/nvim/lazy/mason.nvim/lua/mason-core/installer/init.lua:249: Installation failed for Package(name=codelldb) error="Installation was aborted."
[ERROR Tue 11 Mar 2025 09:42:59 PM PDT] ...e/nvim/lazy/mason.nvim/lua/mason-core/installer/init.lua:249: Installation failed for Package(name=snyk) error="Installation was aborted."
[ERROR Tue 11 Mar 2025 09:42:59 PM PDT] ...e/nvim/lazy/mason.nvim/lua/mason-core/installer/init.lua:249: Installation failed for Package(name=trivy) error="Installation was aborted."
[INFO  Tue 11 Mar 2025 09:44:19 PM PDT] ...e/nvim/lazy/mason.nvim/lua/mason-core/installer/init.lua:184: Executing installer for Package(name=codelldb) {}
[ERROR Tue 11 Mar 2025 09:44:38 PM PDT] ...e/nvim/lazy/mason.nvim/lua/mason-core/installer/init.lua:249: Installation failed for Package(name=codelldb) error="Installation was aborted."
[INFO  Tue 11 Mar 2025 09:44:50 PM PDT] ...e/nvim/lazy/mason.nvim/lua/mason-core/installer/init.lua:184: Executing installer for Package(name=codelldb) {}
[INFO  Tue 11 Mar 2025 09:50:26 PM PDT] ...e/nvim/lazy/mason.nvim/lua/mason-core/installer/init.lua:245: Installation succeeded for Package(name=codelldb)
[INFO  Wed 12 Mar 2025 04:36:17 PM PDT] ...e/nvim/lazy/mason.nvim/lua/mason-core/installer/init.lua:184: Executing installer for Package(name=lua-language-server) {}
[INFO  Wed 12 Mar 2025 04:36:19 PM PDT] ...e/nvim/lazy/mason.nvim/lua/mason-core/installer/init.lua:245: Installation succeeded for Package(name=lua-language-server)
[INFO  Wed 12 Mar 2025 04:36:38 PM PDT] ...e/nvim/lazy/mason.nvim/lua/mason-core/installer/init.lua:184: Executing installer for Package(name=ast-grep) {}
[INFO  Wed 12 Mar 2025 04:36:42 PM PDT] ...e/nvim/lazy/mason.nvim/lua/mason-core/installer/init.lua:245: Installation succeeded for Package(name=ast-grep)
[INFO  Wed 12 Mar 2025 08:06:34 PM PDT] ...e/nvim/lazy/mason.nvim/lua/mason-core/installer/init.lua:184: Executing installer for Package(name=stylua) {}
[INFO  Wed 12 Mar 2025 08:06:36 PM PDT] ...e/nvim/lazy/mason.nvim/lua/mason-core/installer/init.lua:245: Installation succeeded for Package(name=stylua)
[INFO  Mon 17 Mar 2025 05:32:07 PM PDT] ...e/nvim/lazy/mason.nvim/lua/mason-core/installer/init.lua:184: Executing installer for Package(name=rust-analyzer) {}
[INFO  Mon 17 Mar 2025 05:32:12 PM PDT] ...e/nvim/lazy/mason.nvim/lua/mason-core/installer/init.lua:245: Installation succeeded for Package(name=rust-analyzer)
[INFO  Mon 17 Mar 2025 05:32:14 PM PDT] ...e/nvim/lazy/mason.nvim/lua/mason-core/installer/init.lua:184: Executing installer for Package(name=lua-language-server) Package(name=lua-language-server)
[INFO  Mon 17 Mar 2025 05:32:16 PM PDT] ...e/nvim/lazy/mason.nvim/lua/mason-core/installer/init.lua:245: Installation succeeded for Package(name=lua-language-server)
[INFO  Thu 20 Mar 2025 04:33:56 PM PDT] ...e/nvim/lazy/mason.nvim/lua/mason-core/installer/init.lua:184: Executing installer for Package(name=ast-grep) {}
[INFO  Thu 20 Mar 2025 04:34:01 PM PDT] ...e/nvim/lazy/mason.nvim/lua/mason-core/installer/init.lua:245: Installation succeeded for Package(name=ast-grep)
[INFO  Thu 20 Mar 2025 04:34:08 PM PDT] ...e/nvim/lazy/mason.nvim/lua/mason-core/installer/init.lua:184: Executing installer for Package(name=clang-format) {}
[ERROR Thu 20 Mar 2025 04:34:08 PM PDT] ...e/nvim/lazy/mason.nvim/lua/mason-core/providers/init.lua:81: Provider "pypi" "get_supported_python_versions" failed: "Package does not specify supported Python versions."
[ERROR Thu 20 Mar 2025 04:34:09 PM PDT] ...e/nvim/lazy/mason.nvim/lua/mason-core/providers/init.lua:81: Provider "pypi" "get_supported_python_versions" failed: "Package does not specify supported Python versions."
[ERROR Thu 20 Mar 2025 04:34:09 PM PDT] ...e/nvim/lazy/mason.nvim/lua/mason-core/providers/init.lua:92: No provider implementation succeeded for pypi.get_supported_python_versions
[INFO  Thu 20 Mar 2025 04:34:13 PM PDT] ...e/nvim/lazy/mason.nvim/lua/mason-core/installer/init.lua:245: Installation succeeded for Package(name=clang-format)
[INFO  Sat 22 Mar 2025 11:37:51 AM PDT] ...e/nvim/lazy/mason.nvim/lua/mason-core/installer/init.lua:184: Executing installer for Package(name=codelldb) {}
[ERROR Sat 22 Mar 2025 11:38:17 AM PDT] ...e/nvim/lazy/mason.nvim/lua/mason-core/installer/init.lua:249: Installation failed for Package(name=codelldb) error='"/home/evandagur/.local/share/nvim/mason/bin/codelldb" is already linked.'
[INFO  Sat 22 Mar 2025 11:39:13 AM PDT] ...e/nvim/lazy/mason.nvim/lua/mason-core/installer/init.lua:184: Executing installer for Package(name=codelldb) {}
[INFO  Sat 22 Mar 2025 11:39:30 AM PDT] ...e/nvim/lazy/mason.nvim/lua/mason-core/installer/init.lua:245: Installation succeeded for Package(name=codelldb)
