[18:29:06.527][info] [#0:/home/evandagur/.local/share/nvim/mason/packages/lua-language-server/libexec/main.lua:68]: Lua Lsp startup, root: 	/home/evandagur/.local/share/nvim/mason/packages/lua-language-server/libexec
[18:29:06.527][info] [#0:/home/evandagur/.local/share/nvim/mason/packages/lua-language-server/libexec/main.lua:69]: ROOT:	/home/evandagur/.local/share/nvim/mason/packages/lua-language-server/libexec
[18:29:06.527][info] [#0:/home/evandagur/.local/share/nvim/mason/packages/lua-language-server/libexec/main.lua:70]: LOGPATH:	/home/evandagur/.local/share/nvim/mason/packages/lua-language-server/libexec/log
[18:29:06.527][info] [#0:/home/evandagur/.local/share/nvim/mason/packages/lua-language-server/libexec/main.lua:71]: METAPATH:	/home/evandagur/.local/share/nvim/mason/packages/lua-language-server/libexec/meta
[18:29:06.528][info] [#0:/home/evandagur/.local/share/nvim/mason/packages/lua-language-server/libexec/main.lua:72]: VERSION:	3.13.9
[18:29:06.557][info] [#0:script/proto/proto.lua:260]: Listen Mode: stdio
[18:29:06.557][info] [#0:script/service/service.lua:145]: 
========= Medical Examination Report =========
    --------------- Memory ---------------
        Total: 2.258 MB
        # 00 : 2.258 MB
        # 01 : 0.000 MB
        # 02 : 0.000 MB
        # 03 : 0.000 MB
        # 04 : 0.000 MB
    --------------- Coroutine ---------------
        Total:     0
        Running:   0
        Suspended: 0
        Normal:    0
        Dead:      0
    --------------- Cache ---------------
        Total: 1
        Dead:  0
    ---------------  RPC  ---------------
        Holdon:   0
        Waiting:  0
==============================================
[18:29:06.664][info] [#0:script/client.lua:657]: Client init	{
  capabilities = {
    general = {
      positionEncodings = { "utf-16" }
    },
    textDocument = {
      callHierarchy = {
        dynamicRegistration = false
      },
      codeAction = {
        codeActionLiteralSupport = {
          codeActionKind = {
            valueSet = { "", "quickfix", "refactor", "refactor.extract", "refactor.inline", "refactor.rewrite", "source", "source.organizeImports" }
          }
        },
        dataSupport = true,
        dynamicRegistration = true,
        isPreferredSupport = true,
        resolveSupport = {
          properties = { "edit" }
        }
      },
      completion = {
        completionItem = {
          commitCharactersSupport = false,
          deprecatedSupport = true,
          documentationFormat = { "markdown", "plaintext" },
          insertReplaceSupport = true,
          insertTextModeSupport = {
            valueSet = { 1 }
          },
          labelDetailsSupport = true,
          preselectSupport = false,
          resolveSupport = {
            properties = { "documentation", "detail", "additionalTextEdits", "command", "data" }
          },
          snippetSupport = true,
          tagSupport = {
            valueSet = { 1 }
          }
        },
        completionItemKind = {
          valueSet = { 1, 2, 3, 4, 5, 6, 7, 8, 9, 10, 11, 12, 13, 14, 15, 16, 17, 18, 19, 20, 21, 22, 23, 24, 25 }
        },
        completionList = {
          itemDefaults = { "commitCharacters", "editRange", "insertTextFormat", "insertTextMode", "data" }
        },
        contextSupport = true,
        dynamicRegistration = false,
        insertTextMode = 1
      },
      declaration = {
        linkSupport = true
      },
      definition = {
        dynamicRegistration = true,
        linkSupport = true
      },
      diagnostic = {
        dynamicRegistration = false
      },
      documentHighlight = {
        dynamicRegistration = false
      },
      documentSymbol = {
        dynamicRegistration = false,
        hierarchicalDocumentSymbolSupport = true,
        symbolKind = {
          valueSet = { 1, 2, 3, 4, 5, 6, 7, 8, 9, 10, 11, 12, 13, 14, 15, 16, 17, 18, 19, 20, 21, 22, 23, 24, 25, 26 }
        }
      },
      formatting = {
        dynamicRegistration = true
      },
      hover = {
        contentFormat = { "markdown", "plaintext" },
        dynamicRegistration = true
      },
      implementation = {
        linkSupport = true
      },
      inlayHint = {
        dynamicRegistration = true,
        resolveSupport = {
          properties = { "textEdits", "tooltip", "location", "command" }
        }
      },
      publishDiagnostics = {
        dataSupport = true,
        relatedInformation = true,
        tagSupport = {
          valueSet = { 1, 2 }
        }
      },
      rangeFormatting = {
        dynamicRegistration = true
      },
      references = {
        dynamicRegistration = false
      },
      rename = {
        dynamicRegistration = true,
        prepareSupport = true
      },
      semanticTokens = {
        augmentsSyntaxTokens = true,
        dynamicRegistration = false,
        formats = { "relative" },
        multilineTokenSupport = false,
        overlappingTokenSupport = true,
        requests = {
          full = {
            delta = true
          },
          range = false
        },
        serverCancelSupport = false,
        tokenModifiers = { "declaration", "definition", "readonly", "static", "deprecated", "abstract", "async", "modification", "documentation", "defaultLibrary" },
        tokenTypes = { "namespace", "type", "class", "enum", "interface", "struct", "typeParameter", "parameter", "variable", "property", "enumMember", "event", "function", "method", "macro", "keyword", "modifier", "comment", "string", "number", "regexp", "operator", "decorator" }
      },
      signatureHelp = {
        dynamicRegistration = false,
        signatureInformation = {
          activeParameterSupport = true,
          documentationFormat = { "markdown", "plaintext" },
          parameterInformation = {
            labelOffsetSupport = true
          }
        }
      },
      synchronization = {
        didSave = true,
        dynamicRegistration = false,
        willSave = true,
        willSaveWaitUntil = true
      },
      typeDefinition = {
        linkSupport = true
      }
    },
    window = {
      showDocument = {
        support = true
      },
      showMessage = {
        messageActionItem = {
          additionalPropertiesSupport = false
        }
      },
      workDoneProgress = true
    },
    workspace = {
      applyEdit = true,
      configuration = true,
      didChangeConfiguration = {
        dynamicRegistration = false
      },
      didChangeWatchedFiles = {
        dynamicRegistration = false,
        relativePatternSupport = true
      },
      inlayHint = {
        refreshSupport = true
      },
      semanticTokens = {
        refreshSupport = true
      },
      symbol = {
        dynamicRegistration = false,
        symbolKind = {
          valueSet = { 1, 2, 3, 4, 5, 6, 7, 8, 9, 10, 11, 12, 13, 14, 15, 16, 17, 18, 19, 20, 21, 22, 23, 24, 25, 26 }
        }
      },
      workspaceEdit = {
        resourceOperations = { "rename", "create", "delete" }
      },
      workspaceFolders = true
    }
  },
  clientInfo = {
    name = "Neovim",
    version = "0.10.4+v0.10.4"
  },
  initializationOptions = {},
  processId = 8278,
  rootPath = "/home/evandagur/.config/nvim",
  rootUri = "file:///home/evandagur/.config/nvim",
  trace = "off",
  workDoneToken = "1",
  workspaceFolders = { {
      name = "/home/evandagur/.config/nvim",
      uri = "file:///home/evandagur/.config/nvim"
    } }
}
[18:29:06.664][info] [#0:script/language.lua:137]: VSC language: nil
[18:29:06.664][info] [#0:script/language.lua:138]: LS  language: en-us
[18:29:06.664][info] [#0:script/workspace/workspace.lua:38]: Workspace init root: 	file:///home/evandagur/.config/nvim
[18:29:06.664][info] [#0:script/workspace/workspace.lua:42]: Log path: 	/home/evandagur/.local/share/nvim/mason/packages/lua-language-server/libexec/log/file_home_evandagur_.config_nvim.log
[18:29:06.666][info] [#0:script/workspace/workspace.lua:48]: Workspace create: 	file:///home/evandagur/.config/nvim
[18:29:06.968][warn] [#0:script/config/loader.lua:116]: No config?	{}
[18:29:06.968][info] [#0:script/provider/provider.lua:56]: Load config from .luarc.json/.luarc.jsonc	file:///home/evandagur/.config/nvim
[18:29:06.968][info] [#0:script/provider/provider.lua:57]: {
  ["diagnostics.globals"] = { "vim", "capabilities" }
}
[18:29:07.069][warn] [#0:script/config/loader.lua:116]: No config?	{}
[18:29:07.069][info] [#0:script/provider/provider.lua:65]: Load config from client	fallback
[18:29:07.069][info] [#0:script/provider/provider.lua:66]: nil
[18:29:07.180][info] [#0:script/library.lua:212]: Init builtin library at:	file:///home/evandagur/.config/nvim
[18:29:07.194][info] [#0:script/library.lua:212]: Init builtin library at:	nil
[18:29:07.305][info] [#0:script/workspace/workspace.lua:324]: Preload start:	file:///home/evandagur/.config/nvim
[18:29:07.310][info] [#0:script/workspace/workspace.lua:330]: Scan files at:	file:///home/evandagur/.config/nvim
[18:29:07.313][info] [#0:script/workspace/workspace.lua:324]: Preload start:	<fallback>
[18:29:07.322][info] [#0:script/workspace/workspace.lua:353]: Scan library at:	file:///home/evandagur/.local/share/nvim/mason/packages/lua-language-server/libexec/meta/Lua%205.4%20en-us%20utf8/io.lua
[18:29:07.323][info] [#0:script/workspace/workspace.lua:353]: Scan library at:	file:///home/evandagur/.local/share/nvim/mason/packages/lua-language-server/libexec/meta/Lua%205.4%20en-us%20utf8/basic.lua
[18:29:07.324][info] [#0:script/workspace/workspace.lua:353]: Scan library at:	file:///home/evandagur/.local/share/nvim/mason/packages/lua-language-server/libexec/meta/Lua%205.4%20en-us%20utf8/coroutine.lua
[18:29:07.325][info] [#0:script/workspace/workspace.lua:353]: Scan library at:	file:///home/evandagur/.local/share/nvim/mason/packages/lua-language-server/libexec/meta/Lua%205.4%20en-us%20utf8/debug.lua
[18:29:07.325][info] [#0:script/workspace/workspace.lua:353]: Scan library at:	file:///home/evandagur/.local/share/nvim/mason/packages/lua-language-server/libexec/meta/Lua%205.4%20en-us%20utf8/builtin.lua
[18:29:07.326][info] [#0:script/workspace/workspace.lua:353]: Scan library at:	file:///home/evandagur/.local/share/nvim/mason/packages/lua-language-server/libexec/meta/Lua%205.4%20en-us%20utf8/utf8.lua
[18:29:07.327][info] [#0:script/workspace/workspace.lua:353]: Scan library at:	file:///home/evandagur/.local/share/nvim/mason/packages/lua-language-server/libexec/meta/Lua%205.4%20en-us%20utf8/package.lua
[18:29:07.327][info] [#0:script/workspace/workspace.lua:353]: Scan library at:	file:///home/evandagur/.local/share/nvim/mason/packages/lua-language-server/libexec/meta/Lua%205.4%20en-us%20utf8/os.lua
[18:29:07.327][info] [#0:script/workspace/workspace.lua:353]: Scan library at:	file:///home/evandagur/.local/share/nvim/mason/packages/lua-language-server/libexec/meta/Lua%205.4%20en-us%20utf8/string.lua
[18:29:07.328][info] [#0:script/workspace/workspace.lua:353]: Scan library at:	file:///home/evandagur/.local/share/nvim/mason/packages/lua-language-server/libexec/meta/Lua%205.4%20en-us%20utf8/math.lua
[18:29:07.328][info] [#0:script/workspace/workspace.lua:353]: Scan library at:	file:///home/evandagur/.local/share/nvim/mason/packages/lua-language-server/libexec/meta/Lua%205.4%20en-us%20utf8/table.lua
[18:29:07.333][info] [#0:script/workspace/workspace.lua:353]: Scan library at:	file:///home/evandagur/.local/share/nvim/mason/packages/lua-language-server/libexec/meta/Lua%205.4%20en-us%20utf8/io.lua
[18:29:07.333][info] [#0:script/workspace/workspace.lua:353]: Scan library at:	file:///home/evandagur/.local/share/nvim/mason/packages/lua-language-server/libexec/meta/Lua%205.4%20en-us%20utf8/basic.lua
[18:29:07.333][info] [#0:script/workspace/workspace.lua:353]: Scan library at:	file:///home/evandagur/.local/share/nvim/mason/packages/lua-language-server/libexec/meta/Lua%205.4%20en-us%20utf8/coroutine.lua
[18:29:07.333][info] [#0:script/workspace/workspace.lua:353]: Scan library at:	file:///home/evandagur/.local/share/nvim/mason/packages/lua-language-server/libexec/meta/Lua%205.4%20en-us%20utf8/debug.lua
[18:29:07.334][info] [#0:script/workspace/workspace.lua:353]: Scan library at:	file:///home/evandagur/.local/share/nvim/mason/packages/lua-language-server/libexec/meta/Lua%205.4%20en-us%20utf8/builtin.lua
[18:29:07.334][info] [#0:script/workspace/workspace.lua:353]: Scan library at:	file:///home/evandagur/.local/share/nvim/mason/packages/lua-language-server/libexec/meta/Lua%205.4%20en-us%20utf8/utf8.lua
[18:29:07.334][info] [#0:script/workspace/workspace.lua:353]: Scan library at:	file:///home/evandagur/.local/share/nvim/mason/packages/lua-language-server/libexec/meta/Lua%205.4%20en-us%20utf8/package.lua
[18:29:07.334][info] [#0:script/workspace/workspace.lua:353]: Scan library at:	file:///home/evandagur/.local/share/nvim/mason/packages/lua-language-server/libexec/meta/Lua%205.4%20en-us%20utf8/os.lua
[18:29:07.335][info] [#0:script/workspace/workspace.lua:353]: Scan library at:	file:///home/evandagur/.local/share/nvim/mason/packages/lua-language-server/libexec/meta/Lua%205.4%20en-us%20utf8/string.lua
[18:29:07.335][info] [#0:script/workspace/workspace.lua:353]: Scan library at:	file:///home/evandagur/.local/share/nvim/mason/packages/lua-language-server/libexec/meta/Lua%205.4%20en-us%20utf8/math.lua
[18:29:07.335][info] [#0:script/workspace/workspace.lua:353]: Scan library at:	file:///home/evandagur/.local/share/nvim/mason/packages/lua-language-server/libexec/meta/Lua%205.4%20en-us%20utf8/table.lua
[18:29:07.435][info] [#0:script/workspace/workspace.lua:379]: Found 11 files at:	<fallback>
[18:29:07.435][info] [#0:script/workspace/loading.lua:160]: Load files from disk:	<fallback>
[18:29:07.436][info] [#0:script/workspace/workspace.lua:379]: Found 46 files at:	file:///home/evandagur/.config/nvim
[18:29:07.436][info] [#0:script/workspace/loading.lua:160]: Load files from disk:	file:///home/evandagur/.config/nvim
[18:29:07.436][info] [#0:script/workspace/loading.lua:100]: Preload file at: file:///home/evandagur/.local/share/nvim/mason/packages/lua-language-server/libexec/meta/Lua%205.4%20en-us%20utf8/table.lua , size = 4.445 KB
[18:29:07.441][info] [#0:script/workspace/loading.lua:112]: ++++As library of:	file:///home/evandagur/.local/share/nvim/mason/packages/lua-language-server/libexec/meta/Lua%205.4%20en-us%20utf8/table.lua
[18:29:07.441][info] [#0:script/workspace/loading.lua:100]: Preload file at: file:///home/evandagur/.local/share/nvim/mason/packages/lua-language-server/libexec/meta/Lua%205.4%20en-us%20utf8/math.lua , size = 8.542 KB
[18:29:07.451][info] [#0:script/workspace/loading.lua:112]: ++++As library of:	file:///home/evandagur/.local/share/nvim/mason/packages/lua-language-server/libexec/meta/Lua%205.4%20en-us%20utf8/math.lua
[18:29:07.451][info] [#0:script/workspace/loading.lua:97]: Skip loaded file: file:///home/evandagur/.local/share/nvim/mason/packages/lua-language-server/libexec/meta/Lua%205.4%20en-us%20utf8/math.lua
[18:29:07.451][info] [#0:script/workspace/loading.lua:100]: Preload file at: file:///home/evandagur/.local/share/nvim/mason/packages/lua-language-server/libexec/meta/Lua%205.4%20en-us%20utf8/string.lua , size = 5.260 KB
[18:29:07.455][info] [#0:script/workspace/loading.lua:112]: ++++As library of:	file:///home/evandagur/.local/share/nvim/mason/packages/lua-language-server/libexec/meta/Lua%205.4%20en-us%20utf8/string.lua
[18:29:07.455][info] [#0:script/workspace/loading.lua:97]: Skip loaded file: file:///home/evandagur/.local/share/nvim/mason/packages/lua-language-server/libexec/meta/Lua%205.4%20en-us%20utf8/string.lua
[18:29:07.455][info] [#0:script/workspace/loading.lua:100]: Preload file at: file:///home/evandagur/.local/share/nvim/mason/packages/lua-language-server/libexec/meta/Lua%205.4%20en-us%20utf8/os.lua , size = 5.611 KB
[18:29:07.459][info] [#0:script/workspace/loading.lua:112]: ++++As library of:	file:///home/evandagur/.local/share/nvim/mason/packages/lua-language-server/libexec/meta/Lua%205.4%20en-us%20utf8/os.lua
[18:29:07.459][info] [#0:script/workspace/loading.lua:97]: Skip loaded file: file:///home/evandagur/.local/share/nvim/mason/packages/lua-language-server/libexec/meta/Lua%205.4%20en-us%20utf8/os.lua
[18:29:07.459][info] [#0:script/workspace/loading.lua:97]: Skip loaded file: file:///home/evandagur/.local/share/nvim/mason/packages/lua-language-server/libexec/meta/Lua%205.4%20en-us%20utf8/table.lua
[18:29:07.459][info] [#0:script/workspace/loading.lua:100]: Preload file at: file:///home/evandagur/.local/share/nvim/mason/packages/lua-language-server/libexec/meta/Lua%205.4%20en-us%20utf8/package.lua , size = 2.944 KB
[18:29:07.461][info] [#0:script/workspace/loading.lua:112]: ++++As library of:	file:///home/evandagur/.local/share/nvim/mason/packages/lua-language-server/libexec/meta/Lua%205.4%20en-us%20utf8/package.lua
[18:29:07.461][info] [#0:script/workspace/loading.lua:88]: Skip loaded file: file:///home/evandagur/.local/share/nvim/mason/packages/lua-language-server/libexec/meta/Lua%205.4%20en-us%20utf8/package.lua
[18:29:07.461][info] [#0:script/workspace/loading.lua:112]: ++++As library of:	file:///home/evandagur/.local/share/nvim/mason/packages/lua-language-server/libexec/meta/Lua%205.4%20en-us%20utf8/package.lua
[18:29:07.461][info] [#0:script/workspace/loading.lua:100]: Preload file at: file:///home/evandagur/.local/share/nvim/mason/packages/lua-language-server/libexec/meta/Lua%205.4%20en-us%20utf8/utf8.lua , size = 2.386 KB
[18:29:07.462][info] [#0:script/workspace/loading.lua:112]: ++++As library of:	file:///home/evandagur/.local/share/nvim/mason/packages/lua-language-server/libexec/meta/Lua%205.4%20en-us%20utf8/utf8.lua
[18:29:07.462][info] [#0:script/workspace/loading.lua:88]: Skip loaded file: file:///home/evandagur/.local/share/nvim/mason/packages/lua-language-server/libexec/meta/Lua%205.4%20en-us%20utf8/utf8.lua
[18:29:07.462][info] [#0:script/workspace/loading.lua:112]: ++++As library of:	file:///home/evandagur/.local/share/nvim/mason/packages/lua-language-server/libexec/meta/Lua%205.4%20en-us%20utf8/utf8.lua
[18:29:07.463][info] [#0:script/workspace/loading.lua:100]: Preload file at: file:///home/evandagur/.local/share/nvim/mason/packages/lua-language-server/libexec/meta/Lua%205.4%20en-us%20utf8/builtin.lua , size = 0.302 KB
[18:29:07.463][info] [#0:script/workspace/loading.lua:112]: ++++As library of:	file:///home/evandagur/.local/share/nvim/mason/packages/lua-language-server/libexec/meta/Lua%205.4%20en-us%20utf8/builtin.lua
[18:29:07.463][info] [#0:script/workspace/loading.lua:88]: Skip loaded file: file:///home/evandagur/.local/share/nvim/mason/packages/lua-language-server/libexec/meta/Lua%205.4%20en-us%20utf8/builtin.lua
[18:29:07.463][info] [#0:script/workspace/loading.lua:112]: ++++As library of:	file:///home/evandagur/.local/share/nvim/mason/packages/lua-language-server/libexec/meta/Lua%205.4%20en-us%20utf8/builtin.lua
[18:29:07.463][info] [#0:script/workspace/loading.lua:100]: Preload file at: file:///home/evandagur/.local/share/nvim/mason/packages/lua-language-server/libexec/meta/Lua%205.4%20en-us%20utf8/debug.lua , size = 7.637 KB
[18:29:07.473][info] [#0:script/workspace/loading.lua:112]: ++++As library of:	file:///home/evandagur/.local/share/nvim/mason/packages/lua-language-server/libexec/meta/Lua%205.4%20en-us%20utf8/debug.lua
[18:29:07.473][info] [#0:script/workspace/loading.lua:88]: Skip loaded file: file:///home/evandagur/.local/share/nvim/mason/packages/lua-language-server/libexec/meta/Lua%205.4%20en-us%20utf8/debug.lua
[18:29:07.473][info] [#0:script/workspace/loading.lua:112]: ++++As library of:	file:///home/evandagur/.local/share/nvim/mason/packages/lua-language-server/libexec/meta/Lua%205.4%20en-us%20utf8/debug.lua
[18:29:07.473][info] [#0:script/workspace/loading.lua:100]: Preload file at: file:///home/evandagur/.local/share/nvim/mason/packages/lua-language-server/libexec/meta/Lua%205.4%20en-us%20utf8/coroutine.lua , size = 2.590 KB
[18:29:07.475][info] [#0:script/workspace/loading.lua:112]: ++++As library of:	file:///home/evandagur/.local/share/nvim/mason/packages/lua-language-server/libexec/meta/Lua%205.4%20en-us%20utf8/coroutine.lua
[18:29:07.475][info] [#0:script/workspace/loading.lua:88]: Skip loaded file: file:///home/evandagur/.local/share/nvim/mason/packages/lua-language-server/libexec/meta/Lua%205.4%20en-us%20utf8/coroutine.lua
[18:29:07.475][info] [#0:script/workspace/loading.lua:112]: ++++As library of:	file:///home/evandagur/.local/share/nvim/mason/packages/lua-language-server/libexec/meta/Lua%205.4%20en-us%20utf8/coroutine.lua
[18:29:07.476][info] [#0:script/workspace/loading.lua:100]: Preload file at: file:///home/evandagur/.local/share/nvim/mason/packages/lua-language-server/libexec/meta/Lua%205.4%20en-us%20utf8/basic.lua , size = 15.841 KB
[18:29:07.484][info] [#0:script/workspace/loading.lua:112]: ++++As library of:	file:///home/evandagur/.local/share/nvim/mason/packages/lua-language-server/libexec/meta/Lua%205.4%20en-us%20utf8/basic.lua
[18:29:07.484][info] [#0:script/workspace/loading.lua:97]: Skip loaded file: file:///home/evandagur/.local/share/nvim/mason/packages/lua-language-server/libexec/meta/Lua%205.4%20en-us%20utf8/basic.lua
[18:29:07.484][info] [#0:script/workspace/loading.lua:100]: Preload file at: file:///home/evandagur/.local/share/nvim/mason/packages/lua-language-server/libexec/meta/Lua%205.4%20en-us%20utf8/io.lua , size = 6.364 KB
[18:29:07.492][info] [#0:script/workspace/loading.lua:112]: ++++As library of:	file:///home/evandagur/.local/share/nvim/mason/packages/lua-language-server/libexec/meta/Lua%205.4%20en-us%20utf8/io.lua
[18:29:07.492][info] [#0:script/workspace/loading.lua:88]: Skip loaded file: file:///home/evandagur/.local/share/nvim/mason/packages/lua-language-server/libexec/meta/Lua%205.4%20en-us%20utf8/io.lua
[18:29:07.492][info] [#0:script/workspace/loading.lua:112]: ++++As library of:	file:///home/evandagur/.local/share/nvim/mason/packages/lua-language-server/libexec/meta/Lua%205.4%20en-us%20utf8/io.lua
[18:29:07.492][info] [#0:script/workspace/loading.lua:172]: Loaded files takes [0.058] sec: <fallback>
[18:29:07.492][info] [#0:script/workspace/loading.lua:181]: Compile files takes [0.000] sec: <fallback>
[18:29:07.492][info] [#0:script/workspace/loading.lua:182]: Loaded finish:	<fallback>
[18:29:07.492][info] [#0:script/workspace/workspace.lua:381]: Preload finish at:	<fallback>
[18:29:07.495][info] [#0:script/workspace/loading.lua:100]: Preload file at: file:///home/evandagur/.config/nvim/lua/plugins/code_formatting/blink.lua , size = 1.542 KB
[18:29:07.496][info] [#0:script/workspace/loading.lua:100]: Preload file at: file:///home/evandagur/.config/nvim/lua/plugins/code_formatting/linting.lua , size = 0.569 KB
[18:29:07.497][info] [#0:script/workspace/loading.lua:100]: Preload file at: file:///home/evandagur/.config/nvim/lua/plugins/code_formatting/debugging.lua , size = 1.278 KB
[18:29:07.497][info] [#0:script/workspace/loading.lua:100]: Preload file at: file:///home/evandagur/.config/nvim/lua/plugins/code_formatting/lsp-config.lua , size = 0.896 KB
[18:29:07.498][info] [#0:script/workspace/loading.lua:100]: Preload file at: file:///home/evandagur/.config/nvim/lua/plugins/code_formatting/rustaceanvim.lua , size = 2.942 KB
[18:29:07.500][info] [#0:script/workspace/loading.lua:100]: Preload file at: file:///home/evandagur/.config/nvim/lua/plugins/code_formatting/conform.lua , size = 0.565 KB
[18:29:07.500][info] [#0:script/workspace/loading.lua:100]: Preload file at: file:///home/evandagur/.config/nvim/lua/plugins/features/outline.lua , size = 0.271 KB
[18:29:07.501][info] [#0:script/workspace/loading.lua:100]: Preload file at: file:///home/evandagur/.config/nvim/lua/plugins/features/coc_discord_rpc.lua , size = 0.266 KB
[18:29:07.501][info] [#0:script/workspace/loading.lua:100]: Preload file at: file:///home/evandagur/.config/nvim/lua/plugins/features/telescope.lua , size = 0.635 KB
[18:29:07.502][info] [#0:script/workspace/loading.lua:100]: Preload file at: file:///home/evandagur/.config/nvim/lua/plugins/features/barbar.lua , size = 0.687 KB
[18:29:07.503][info] [#0:script/workspace/loading.lua:100]: Preload file at: file:///home/evandagur/.config/nvim/lua/plugins/features/neogit.lua , size = 0.456 KB
[18:29:07.504][info] [#0:script/workspace/loading.lua:100]: Preload file at: file:///home/evandagur/.config/nvim/lua/plugins/features/treesitter.lua , size = 0.370 KB
[18:29:07.504][info] [#0:script/workspace/loading.lua:100]: Preload file at: file:///home/evandagur/.config/nvim/lua/plugins/features/render_markdown.lua , size = 0.326 KB
[18:29:07.505][info] [#0:script/workspace/loading.lua:100]: Preload file at: file:///home/evandagur/.config/nvim/lua/plugins/features/trouble.lua , size = 0.877 KB
[18:29:07.506][info] [#0:script/workspace/loading.lua:100]: Preload file at: file:///home/evandagur/.config/nvim/lua/plugins/features/cord.lua , size = 0.557 KB
[18:29:07.507][info] [#0:script/workspace/loading.lua:100]: Preload file at: file:///home/evandagur/.config/nvim/lua/plugins/features/which_key.lua , size = 0.729 KB
[18:29:07.508][info] [#0:script/workspace/loading.lua:100]: Preload file at: file:///home/evandagur/.config/nvim/lua/plugins/features/toggle_term.lua , size = 0.334 KB
[18:29:07.509][info] [#0:script/workspace/loading.lua:100]: Preload file at: file:///home/evandagur/.config/nvim/lua/plugins/features/gitsigns.lua , size = 0.229 KB
[18:29:07.509][info] [#0:script/workspace/loading.lua:100]: Preload file at: file:///home/evandagur/.config/nvim/lua/plugins/features/mini_files.lua , size = 0.535 KB
[18:29:07.510][info] [#0:script/workspace/loading.lua:100]: Preload file at: file:///home/evandagur/.config/nvim/lua/plugins/features/mini_cmp.lua , size = 0.110 KB
[18:29:07.510][info] [#0:script/workspace/loading.lua:100]: Preload file at: file:///home/evandagur/.config/nvim/lua/plugins/features/neoscroll.lua , size = 1.055 KB
[18:29:07.512][info] [#0:script/workspace/loading.lua:100]: Preload file at: file:///home/evandagur/.config/nvim/lua/plugins/appearance/lua_line.lua , size = 0.195 KB
[18:29:07.512][info] [#0:script/workspace/loading.lua:100]: Preload file at: file:///home/evandagur/.config/nvim/lua/plugins/appearance/smear_cursor.lua , size = 0.102 KB
[18:29:07.513][info] [#0:script/workspace/loading.lua:100]: Preload file at: file:///home/evandagur/.config/nvim/lua/plugins/appearance/dashboard.lua , size = 7.299 KB
[18:29:07.515][info] [#0:script/workspace/loading.lua:100]: Preload file at: file:///home/evandagur/.config/nvim/lua/plugins/appearance/tokyo_night.lua , size = 0.208 KB
[18:29:07.516][info] [#0:script/workspace/loading.lua:100]: Preload file at: file:///home/evandagur/.config/nvim/lua/plugins/appearance/noice.lua , size = 1.179 KB
[18:29:07.517][info] [#0:script/workspace/loading.lua:100]: Preload file at: file:///home/evandagur/.config/nvim/lua/plugins/appearance/indent_blankline.lua , size = 0.996 KB
[18:29:07.518][info] [#0:script/workspace/loading.lua:100]: Preload file at: file:///home/evandagur/.config/nvim/lua/plugins/appearance/showkeys.lua , size = 0.187 KB
[18:29:07.519][info] [#0:script/workspace/loading.lua:100]: Preload file at: file:///home/evandagur/.config/nvim/lua/config/lazy.lua , size = 1.132 KB
[18:29:07.521][info] [#0:script/workspace/loading.lua:100]: Preload file at: file:///home/evandagur/.config/nvim/lua/config/colorscheme_overrides.lua , size = 0.681 KB
[18:29:07.521][info] [#0:script/workspace/loading.lua:100]: Preload file at: file:///home/evandagur/.config/nvim/lua/config/spellcheck.lua , size = 0.209 KB
[18:29:07.522][info] [#0:script/workspace/loading.lua:100]: Preload file at: file:///home/evandagur/.config/nvim/lua/config/vim-opts.lua , size = 1.456 KB
[18:29:07.523][info] [#0:script/workspace/loading.lua:100]: Preload file at: file:///home/evandagur/.config/nvim/lua/config/clipboard.lua , size = 0.332 KB
[18:29:07.524][info] [#0:script/workspace/loading.lua:88]: Skip loaded file: file:///home/evandagur/.config/nvim/lua/config/line_nums.lua
[18:29:07.524][info] [#0:script/workspace/loading.lua:100]: Preload file at: file:///home/evandagur/.config/nvim/init.lua , size = 0.035 KB
[18:29:07.525][info] [#0:script/workspace/loading.lua:172]: Loaded files takes [0.089] sec: file:///home/evandagur/.config/nvim
[18:29:07.525][info] [#0:script/workspace/loading.lua:181]: Compile files takes [0.000] sec: file:///home/evandagur/.config/nvim
[18:29:07.525][info] [#0:script/workspace/loading.lua:182]: Loaded finish:	file:///home/evandagur/.config/nvim
[18:29:07.525][info] [#0:script/workspace/workspace.lua:381]: Preload finish at:	file:///home/evandagur/.config/nvim
[18:29:07.530][info] [#0:script/provider/diagnostic.lua:560]: Diagnostics scope [file:///home/evandagur/.config/nvim], files count:[46]
[18:29:07.991][info] [#0:script/provider/diagnostic.lua:577]: Diagnostics scope [file:///home/evandagur/.config/nvim] finished, takes [0.171] sec.
[18:29:16.613][info] [#0:script/workspace/workspace.lua:284]: Scan files at:	file:///home/evandagur/.config/nvim/lua/config/line_nums.lua
[18:29:16.614][info] [#0:script/workspace/loading.lua:160]: Load files from disk:	file:///home/evandagur/.config/nvim/lua/config/line_nums.lua
[18:29:16.614][info] [#0:script/workspace/loading.lua:88]: Skip loaded file: file:///home/evandagur/.config/nvim/lua/config/line_nums.lua
[18:29:16.614][info] [#0:script/workspace/loading.lua:172]: Loaded files takes [0.000] sec: file:///home/evandagur/.config/nvim/lua/config/line_nums.lua
[18:29:16.614][info] [#0:script/workspace/loading.lua:181]: Compile files takes [0.000] sec: file:///home/evandagur/.config/nvim/lua/config/line_nums.lua
[18:29:16.614][info] [#0:script/workspace/loading.lua:182]: Loaded finish:	file:///home/evandagur/.config/nvim/lua/config/line_nums.lua
[18:29:19.268][info] [#0:script/provider/diagnostic.lua:560]: Diagnostics scope [file:///home/evandagur/.config/nvim], files count:[46]
[18:29:19.720][info] [#0:script/provider/diagnostic.lua:577]: Diagnostics scope [file:///home/evandagur/.config/nvim] finished, takes [0.163] sec.
[18:29:24.957][info] [#0:script/provider/diagnostic.lua:171]: clearDiagnostics	file:///home/evandagur/.config/nvim/lua/config/line_nums.lua
[18:29:27.614][info] [#0:script/workspace/workspace.lua:284]: Scan files at:	file:///home/evandagur/.config/nvim/lua/config/line_nums.lua
[18:29:27.614][info] [#0:script/workspace/loading.lua:160]: Load files from disk:	file:///home/evandagur/.config/nvim/lua/config/line_nums.lua
[18:29:27.614][info] [#0:script/workspace/loading.lua:88]: Skip loaded file: file:///home/evandagur/.config/nvim/lua/config/line_nums.lua
[18:29:27.615][info] [#0:script/workspace/loading.lua:172]: Loaded files takes [0.000] sec: file:///home/evandagur/.config/nvim/lua/config/line_nums.lua
[18:29:27.615][info] [#0:script/workspace/loading.lua:181]: Compile files takes [0.000] sec: file:///home/evandagur/.config/nvim/lua/config/line_nums.lua
[18:29:27.615][info] [#0:script/workspace/loading.lua:182]: Loaded finish:	file:///home/evandagur/.config/nvim/lua/config/line_nums.lua
[18:29:30.169][info] [#0:script/provider/diagnostic.lua:560]: Diagnostics scope [file:///home/evandagur/.config/nvim], files count:[46]
[18:29:30.606][info] [#0:script/provider/diagnostic.lua:577]: Diagnostics scope [file:///home/evandagur/.config/nvim] finished, takes [0.147] sec.
[18:29:41.658][info] [#0:script/workspace/workspace.lua:284]: Scan files at:	file:///home/evandagur/.config/nvim/lua/config/line_nums.lua
[18:29:41.658][info] [#0:script/workspace/loading.lua:160]: Load files from disk:	file:///home/evandagur/.config/nvim/lua/config/line_nums.lua
[18:29:41.658][info] [#0:script/workspace/loading.lua:88]: Skip loaded file: file:///home/evandagur/.config/nvim/lua/config/line_nums.lua
[18:29:41.658][info] [#0:script/workspace/loading.lua:172]: Loaded files takes [0.000] sec: file:///home/evandagur/.config/nvim/lua/config/line_nums.lua
[18:29:41.658][info] [#0:script/workspace/loading.lua:181]: Compile files takes [0.000] sec: file:///home/evandagur/.config/nvim/lua/config/line_nums.lua
[18:29:41.658][info] [#0:script/workspace/loading.lua:182]: Loaded finish:	file:///home/evandagur/.config/nvim/lua/config/line_nums.lua
[18:29:45.672][info] [#0:script/provider/diagnostic.lua:560]: Diagnostics scope [file:///home/evandagur/.config/nvim], files count:[46]
[18:29:46.118][info] [#0:script/provider/diagnostic.lua:577]: Diagnostics scope [file:///home/evandagur/.config/nvim] finished, takes [0.156] sec.
[18:29:53.582][info] [#0:script/workspace/workspace.lua:284]: Scan files at:	file:///home/evandagur/.config/nvim/lua/config/line_nums.lua
[18:29:53.582][info] [#0:script/workspace/loading.lua:160]: Load files from disk:	file:///home/evandagur/.config/nvim/lua/config/line_nums.lua
[18:29:53.582][info] [#0:script/workspace/loading.lua:88]: Skip loaded file: file:///home/evandagur/.config/nvim/lua/config/line_nums.lua
[18:29:53.583][info] [#0:script/workspace/loading.lua:172]: Loaded files takes [0.000] sec: file:///home/evandagur/.config/nvim/lua/config/line_nums.lua
[18:29:53.583][info] [#0:script/workspace/loading.lua:181]: Compile files takes [0.000] sec: file:///home/evandagur/.config/nvim/lua/config/line_nums.lua
[18:29:53.583][info] [#0:script/workspace/loading.lua:182]: Loaded finish:	file:///home/evandagur/.config/nvim/lua/config/line_nums.lua
[18:29:55.973][info] [#0:script/provider/diagnostic.lua:560]: Diagnostics scope [file:///home/evandagur/.config/nvim], files count:[46]
[18:29:56.401][info] [#0:script/provider/diagnostic.lua:577]: Diagnostics scope [file:///home/evandagur/.config/nvim] finished, takes [0.142] sec.
[18:30:09.604][info] [#0:script/workspace/workspace.lua:284]: Scan files at:	file:///home/evandagur/.config/nvim/lua/config/line_nums.lua
[18:30:09.604][info] [#0:script/workspace/loading.lua:160]: Load files from disk:	file:///home/evandagur/.config/nvim/lua/config/line_nums.lua
[18:30:09.604][info] [#0:script/workspace/loading.lua:88]: Skip loaded file: file:///home/evandagur/.config/nvim/lua/config/line_nums.lua
[18:30:09.604][info] [#0:script/workspace/loading.lua:172]: Loaded files takes [0.000] sec: file:///home/evandagur/.config/nvim/lua/config/line_nums.lua
[18:30:09.604][info] [#0:script/workspace/loading.lua:181]: Compile files takes [0.000] sec: file:///home/evandagur/.config/nvim/lua/config/line_nums.lua
[18:30:09.604][info] [#0:script/workspace/loading.lua:182]: Loaded finish:	file:///home/evandagur/.config/nvim/lua/config/line_nums.lua
[18:30:12.078][info] [#0:script/provider/diagnostic.lua:560]: Diagnostics scope [file:///home/evandagur/.config/nvim], files count:[46]
[18:30:12.506][info] [#0:script/provider/diagnostic.lua:577]: Diagnostics scope [file:///home/evandagur/.config/nvim] finished, takes [0.141] sec.
[18:30:14.610][info] [#0:script/workspace/workspace.lua:284]: Scan files at:	file:///home/evandagur/.config/nvim/lua/config/line_nums.lua
[18:30:14.611][info] [#0:script/workspace/loading.lua:160]: Load files from disk:	file:///home/evandagur/.config/nvim/lua/config/line_nums.lua
[18:30:14.611][info] [#0:script/workspace/loading.lua:88]: Skip loaded file: file:///home/evandagur/.config/nvim/lua/config/line_nums.lua
[18:30:14.611][info] [#0:script/workspace/loading.lua:172]: Loaded files takes [0.000] sec: file:///home/evandagur/.config/nvim/lua/config/line_nums.lua
[18:30:14.611][info] [#0:script/workspace/loading.lua:181]: Compile files takes [0.000] sec: file:///home/evandagur/.config/nvim/lua/config/line_nums.lua
[18:30:14.611][info] [#0:script/workspace/loading.lua:182]: Loaded finish:	file:///home/evandagur/.config/nvim/lua/config/line_nums.lua
[18:30:18.577][info] [#0:script/provider/diagnostic.lua:560]: Diagnostics scope [file:///home/evandagur/.config/nvim], files count:[46]
[18:30:19.014][info] [#0:script/provider/diagnostic.lua:577]: Diagnostics scope [file:///home/evandagur/.config/nvim] finished, takes [0.147] sec.
[18:30:23.588][info] [#0:script/workspace/workspace.lua:284]: Scan files at:	file:///home/evandagur/.config/nvim/lua/config/line_nums.lua
[18:30:23.588][info] [#0:script/workspace/loading.lua:160]: Load files from disk:	file:///home/evandagur/.config/nvim/lua/config/line_nums.lua
[18:30:23.588][info] [#0:script/workspace/loading.lua:88]: Skip loaded file: file:///home/evandagur/.config/nvim/lua/config/line_nums.lua
[18:30:23.588][info] [#0:script/workspace/loading.lua:172]: Loaded files takes [0.000] sec: file:///home/evandagur/.config/nvim/lua/config/line_nums.lua
[18:30:23.588][info] [#0:script/workspace/loading.lua:181]: Compile files takes [0.000] sec: file:///home/evandagur/.config/nvim/lua/config/line_nums.lua
[18:30:23.588][info] [#0:script/workspace/loading.lua:182]: Loaded finish:	file:///home/evandagur/.config/nvim/lua/config/line_nums.lua
[18:30:26.180][info] [#0:script/provider/diagnostic.lua:560]: Diagnostics scope [file:///home/evandagur/.config/nvim], files count:[46]
[18:30:26.604][info] [#0:script/provider/diagnostic.lua:577]: Diagnostics scope [file:///home/evandagur/.config/nvim] finished, takes [0.139] sec.
[18:30:38.671][info] [#0:script/workspace/workspace.lua:284]: Scan files at:	file:///home/evandagur/.config/nvim/lua/config/line_nums.lua
[18:30:38.671][info] [#0:script/workspace/loading.lua:160]: Load files from disk:	file:///home/evandagur/.config/nvim/lua/config/line_nums.lua
[18:30:38.671][info] [#0:script/workspace/loading.lua:88]: Skip loaded file: file:///home/evandagur/.config/nvim/lua/config/line_nums.lua
[18:30:38.671][info] [#0:script/workspace/loading.lua:172]: Loaded files takes [0.000] sec: file:///home/evandagur/.config/nvim/lua/config/line_nums.lua
[18:30:38.671][info] [#0:script/workspace/loading.lua:181]: Compile files takes [0.000] sec: file:///home/evandagur/.config/nvim/lua/config/line_nums.lua
[18:30:38.671][info] [#0:script/workspace/loading.lua:182]: Loaded finish:	file:///home/evandagur/.config/nvim/lua/config/line_nums.lua
[18:30:41.584][info] [#0:script/provider/diagnostic.lua:560]: Diagnostics scope [file:///home/evandagur/.config/nvim], files count:[46]
[18:30:42.029][info] [#0:script/provider/diagnostic.lua:577]: Diagnostics scope [file:///home/evandagur/.config/nvim] finished, takes [0.153] sec.
[18:30:55.668][info] [#0:script/workspace/workspace.lua:284]: Scan files at:	file:///home/evandagur/.config/nvim/lua/config/line_nums.lua
[18:30:55.668][info] [#0:script/workspace/loading.lua:160]: Load files from disk:	file:///home/evandagur/.config/nvim/lua/config/line_nums.lua
[18:30:55.668][info] [#0:script/workspace/loading.lua:88]: Skip loaded file: file:///home/evandagur/.config/nvim/lua/config/line_nums.lua
[18:30:55.668][info] [#0:script/workspace/loading.lua:172]: Loaded files takes [0.000] sec: file:///home/evandagur/.config/nvim/lua/config/line_nums.lua
[18:30:55.668][info] [#0:script/workspace/loading.lua:181]: Compile files takes [0.000] sec: file:///home/evandagur/.config/nvim/lua/config/line_nums.lua
[18:30:55.668][info] [#0:script/workspace/loading.lua:182]: Loaded finish:	file:///home/evandagur/.config/nvim/lua/config/line_nums.lua
[18:30:59.684][info] [#0:script/provider/diagnostic.lua:560]: Diagnostics scope [file:///home/evandagur/.config/nvim], files count:[46]
[18:31:02.589][info] [#0:script/workspace/workspace.lua:284]: Scan files at:	file:///home/evandagur/.config/nvim/lua/config/line_nums.lua
[18:31:02.589][info] [#0:script/workspace/loading.lua:160]: Load files from disk:	file:///home/evandagur/.config/nvim/lua/config/line_nums.lua
[18:31:02.589][info] [#0:script/workspace/loading.lua:88]: Skip loaded file: file:///home/evandagur/.config/nvim/lua/config/line_nums.lua
[18:31:02.589][info] [#0:script/workspace/loading.lua:172]: Loaded files takes [0.000] sec: file:///home/evandagur/.config/nvim/lua/config/line_nums.lua
[18:31:02.589][info] [#0:script/workspace/loading.lua:181]: Compile files takes [0.000] sec: file:///home/evandagur/.config/nvim/lua/config/line_nums.lua
[18:31:02.589][info] [#0:script/workspace/loading.lua:182]: Loaded finish:	file:///home/evandagur/.config/nvim/lua/config/line_nums.lua
[18:31:05.390][info] [#0:script/provider/diagnostic.lua:560]: Diagnostics scope [file:///home/evandagur/.config/nvim], files count:[46]
[18:31:08.589][info] [#0:script/workspace/workspace.lua:284]: Scan files at:	file:///home/evandagur/.config/nvim/lua/config/line_nums.lua
[18:31:08.589][info] [#0:script/workspace/loading.lua:160]: Load files from disk:	file:///home/evandagur/.config/nvim/lua/config/line_nums.lua
[18:31:08.589][info] [#0:script/workspace/loading.lua:88]: Skip loaded file: file:///home/evandagur/.config/nvim/lua/config/line_nums.lua
[18:31:08.589][info] [#0:script/workspace/loading.lua:172]: Loaded files takes [0.000] sec: file:///home/evandagur/.config/nvim/lua/config/line_nums.lua
[18:31:08.590][info] [#0:script/workspace/loading.lua:181]: Compile files takes [0.000] sec: file:///home/evandagur/.config/nvim/lua/config/line_nums.lua
[18:31:08.590][info] [#0:script/workspace/loading.lua:182]: Loaded finish:	file:///home/evandagur/.config/nvim/lua/config/line_nums.lua
[18:31:11.089][info] [#0:script/provider/diagnostic.lua:560]: Diagnostics scope [file:///home/evandagur/.config/nvim], files count:[46]
[18:31:11.548][info] [#0:script/provider/diagnostic.lua:577]: Diagnostics scope [file:///home/evandagur/.config/nvim] finished, takes [0.170] sec.
[18:31:14.638][info] [#0:script/workspace/workspace.lua:284]: Scan files at:	file:///home/evandagur/.config/nvim/lua/config/line_nums.lua
[18:31:14.639][info] [#0:script/workspace/loading.lua:160]: Load files from disk:	file:///home/evandagur/.config/nvim/lua/config/line_nums.lua
[18:31:14.639][info] [#0:script/workspace/loading.lua:88]: Skip loaded file: file:///home/evandagur/.config/nvim/lua/config/line_nums.lua
[18:31:14.639][info] [#0:script/workspace/loading.lua:172]: Loaded files takes [0.000] sec: file:///home/evandagur/.config/nvim/lua/config/line_nums.lua
[18:31:14.639][info] [#0:script/workspace/loading.lua:181]: Compile files takes [0.000] sec: file:///home/evandagur/.config/nvim/lua/config/line_nums.lua
[18:31:14.639][info] [#0:script/workspace/loading.lua:182]: Loaded finish:	file:///home/evandagur/.config/nvim/lua/config/line_nums.lua
[18:31:17.490][info] [#0:script/provider/diagnostic.lua:560]: Diagnostics scope [file:///home/evandagur/.config/nvim], files count:[46]
[18:31:20.682][info] [#0:script/workspace/workspace.lua:284]: Scan files at:	file:///home/evandagur/.config/nvim/lua/config/line_nums.lua
[18:31:20.682][info] [#0:script/workspace/loading.lua:160]: Load files from disk:	file:///home/evandagur/.config/nvim/lua/config/line_nums.lua
[18:31:20.682][info] [#0:script/workspace/loading.lua:88]: Skip loaded file: file:///home/evandagur/.config/nvim/lua/config/line_nums.lua
[18:31:20.682][info] [#0:script/workspace/loading.lua:172]: Loaded files takes [0.000] sec: file:///home/evandagur/.config/nvim/lua/config/line_nums.lua
[18:31:20.682][info] [#0:script/workspace/loading.lua:181]: Compile files takes [0.000] sec: file:///home/evandagur/.config/nvim/lua/config/line_nums.lua
[18:31:20.682][info] [#0:script/workspace/loading.lua:182]: Loaded finish:	file:///home/evandagur/.config/nvim/lua/config/line_nums.lua
[18:31:23.692][info] [#0:script/provider/diagnostic.lua:560]: Diagnostics scope [file:///home/evandagur/.config/nvim], files count:[46]
[18:32:40.707][info] [#0:script/workspace/workspace.lua:284]: Scan files at:	file:///home/evandagur/.config/nvim/lua/config/line_nums.lua
[18:32:40.707][info] [#0:script/workspace/loading.lua:160]: Load files from disk:	file:///home/evandagur/.config/nvim/lua/config/line_nums.lua
[18:32:40.707][info] [#0:script/workspace/loading.lua:88]: Skip loaded file: file:///home/evandagur/.config/nvim/lua/config/line_nums.lua
[18:32:40.707][info] [#0:script/workspace/loading.lua:172]: Loaded files takes [0.000] sec: file:///home/evandagur/.config/nvim/lua/config/line_nums.lua
[18:32:40.707][info] [#0:script/workspace/loading.lua:181]: Compile files takes [0.000] sec: file:///home/evandagur/.config/nvim/lua/config/line_nums.lua
[18:32:40.707][info] [#0:script/workspace/loading.lua:182]: Loaded finish:	file:///home/evandagur/.config/nvim/lua/config/line_nums.lua
[18:32:43.412][info] [#0:script/provider/diagnostic.lua:560]: Diagnostics scope [file:///home/evandagur/.config/nvim], files count:[46]
[18:32:43.855][info] [#0:script/provider/diagnostic.lua:577]: Diagnostics scope [file:///home/evandagur/.config/nvim] finished, takes [0.155] sec.
[18:33:09.636][info] [#0:script/workspace/workspace.lua:284]: Scan files at:	file:///home/evandagur/.config/nvim/lua/config/line_nums.lua
[18:33:09.636][info] [#0:script/workspace/loading.lua:160]: Load files from disk:	file:///home/evandagur/.config/nvim/lua/config/line_nums.lua
[18:33:09.636][info] [#0:script/workspace/loading.lua:88]: Skip loaded file: file:///home/evandagur/.config/nvim/lua/config/line_nums.lua
[18:33:09.636][info] [#0:script/workspace/loading.lua:172]: Loaded files takes [0.000] sec: file:///home/evandagur/.config/nvim/lua/config/line_nums.lua
[18:33:09.636][info] [#0:script/workspace/loading.lua:181]: Compile files takes [0.000] sec: file:///home/evandagur/.config/nvim/lua/config/line_nums.lua
[18:33:09.636][info] [#0:script/workspace/loading.lua:182]: Loaded finish:	file:///home/evandagur/.config/nvim/lua/config/line_nums.lua
[18:33:13.717][info] [#0:script/provider/diagnostic.lua:560]: Diagnostics scope [file:///home/evandagur/.config/nvim], files count:[46]
[18:33:14.163][info] [#0:script/provider/diagnostic.lua:577]: Diagnostics scope [file:///home/evandagur/.config/nvim] finished, takes [0.159] sec.
[18:33:20.629][info] [#0:script/workspace/workspace.lua:284]: Scan files at:	file:///home/evandagur/.config/nvim/lua/config/line_nums.lua
[18:33:20.629][info] [#0:script/workspace/loading.lua:160]: Load files from disk:	file:///home/evandagur/.config/nvim/lua/config/line_nums.lua
[18:33:20.629][info] [#0:script/workspace/loading.lua:88]: Skip loaded file: file:///home/evandagur/.config/nvim/lua/config/line_nums.lua
[18:33:20.629][info] [#0:script/workspace/loading.lua:172]: Loaded files takes [0.000] sec: file:///home/evandagur/.config/nvim/lua/config/line_nums.lua
[18:33:20.629][info] [#0:script/workspace/loading.lua:181]: Compile files takes [0.000] sec: file:///home/evandagur/.config/nvim/lua/config/line_nums.lua
[18:33:20.629][info] [#0:script/workspace/loading.lua:182]: Loaded finish:	file:///home/evandagur/.config/nvim/lua/config/line_nums.lua
[18:33:23.219][info] [#0:script/provider/diagnostic.lua:560]: Diagnostics scope [file:///home/evandagur/.config/nvim], files count:[46]
[18:33:23.667][info] [#0:script/provider/diagnostic.lua:577]: Diagnostics scope [file:///home/evandagur/.config/nvim] finished, takes [0.159] sec.
[18:34:05.473][info] [#0:script/provider/diagnostic.lua:171]: clearDiagnostics	file:///home/evandagur/.config/nvim/lua/config/line_nums.lua
[18:34:06.714][info] [#0:script/workspace/workspace.lua:284]: Scan files at:	file:///home/evandagur/.config/nvim/lua/config/line_nums.lua
[18:34:06.714][info] [#0:script/workspace/loading.lua:160]: Load files from disk:	file:///home/evandagur/.config/nvim/lua/config/line_nums.lua
[18:34:06.714][info] [#0:script/workspace/loading.lua:88]: Skip loaded file: file:///home/evandagur/.config/nvim/lua/config/line_nums.lua
[18:34:06.714][info] [#0:script/workspace/loading.lua:172]: Loaded files takes [0.000] sec: file:///home/evandagur/.config/nvim/lua/config/line_nums.lua
[18:34:06.714][info] [#0:script/workspace/loading.lua:181]: Compile files takes [0.000] sec: file:///home/evandagur/.config/nvim/lua/config/line_nums.lua
[18:34:06.714][info] [#0:script/workspace/loading.lua:182]: Loaded finish:	file:///home/evandagur/.config/nvim/lua/config/line_nums.lua
[18:34:09.430][info] [#0:script/provider/diagnostic.lua:560]: Diagnostics scope [file:///home/evandagur/.config/nvim], files count:[46]
[18:34:09.873][info] [#0:script/provider/diagnostic.lua:577]: Diagnostics scope [file:///home/evandagur/.config/nvim] finished, takes [0.156] sec.
[18:34:24.638][info] [#0:script/provider/diagnostic.lua:171]: clearDiagnostics	file:///home/evandagur/.config/nvim/lua/config/line_nums.lua
[18:34:35.383][info] [#0:script/provider/diagnostic.lua:171]: clearDiagnostics	file:///home/evandagur/.config/nvim/lua/config/line_nums.lua
[18:35:16.537][info] [#0:script/provider/diagnostic.lua:171]: clearDiagnostics	file:///home/evandagur/.config/nvim/lua/config/line_nums.lua
[18:35:19.691][info] [#0:script/workspace/workspace.lua:284]: Scan files at:	file:///home/evandagur/.config/nvim/lua/config/line_nums.lua
[18:35:19.691][info] [#0:script/workspace/loading.lua:160]: Load files from disk:	file:///home/evandagur/.config/nvim/lua/config/line_nums.lua
[18:35:19.691][info] [#0:script/workspace/loading.lua:88]: Skip loaded file: file:///home/evandagur/.config/nvim/lua/config/line_nums.lua
[18:35:19.691][info] [#0:script/workspace/loading.lua:172]: Loaded files takes [0.000] sec: file:///home/evandagur/.config/nvim/lua/config/line_nums.lua
[18:35:19.691][info] [#0:script/workspace/loading.lua:181]: Compile files takes [0.000] sec: file:///home/evandagur/.config/nvim/lua/config/line_nums.lua
[18:35:19.691][info] [#0:script/workspace/loading.lua:182]: Loaded finish:	file:///home/evandagur/.config/nvim/lua/config/line_nums.lua
[18:35:23.745][info] [#0:script/provider/diagnostic.lua:560]: Diagnostics scope [file:///home/evandagur/.config/nvim], files count:[46]
[18:35:24.185][info] [#0:script/provider/diagnostic.lua:577]: Diagnostics scope [file:///home/evandagur/.config/nvim] finished, takes [0.154] sec.
[18:35:24.606][info] [#0:script/provider/provider.lua:176]: Server shutdown.
[18:35:24.606][warn] [#0:script/pub/report.lua:24]: Load proto error:	Disconnected!
