cpanm (App::cpanminus) 1.7048 on perl 5.040001 built for x86_64-linux-thread-multi
Work directory is /home/evandagur/.cpanm/work/1741999109.8741
You have make /usr/sbin/make
You have /usr/sbin/wget
You have /usr/sbin/tar: tar (GNU tar) 1.35
Copyright (C) 2023 Free Software Foundation, Inc.
License GPLv3+: GNU GPL version 3 or later <https://gnu.org/licenses/gpl.html>.
This is free software: you are free to change and redistribute it.
There is NO WARRANTY, to the extent permitted by law.

Written by John Gilmore and Jay Fenlason.
You have /usr/sbin/unzip
!
! Can't write to /usr/share/perl5/site_perl and /usr/bin: Installing modules to /home/evandagur/perl5
! To turn off this warning, you have to do one of the following:
!   - run me as a root or with --sudo option (to install to /usr/share/perl5/site_perl and /usr/bin)
!   - Configure local::lib in your existing shell to set PERL_MM_OPT etc.
!   - Install local::lib by running the following commands
!
!         cpanm --local-lib=~/perl5 local::lib && eval $(perl -I ~/perl5/lib/perl5/ -Mlocal::lib)
!
Searching Neovim::Ext () on cpanmetadb ...
Expiring 7 work directories.
